<?xml version="1.0" encoding="UTF-8" ?>
<testsuite errors="0" failures="1" hostname="Todds-MacBook-Pro.local" name="BeerCounterTest" tests="2" time="2.462" timestamp="2012-01-11T17:01:33">
  <properties>
    <property name="java.vendor" value="Apple Inc." />
    <property name="sun.java.launcher" value="SUN_STANDARD" />
    <property name="sun.management.compiler" value="HotSpot 64-Bit Tiered Compilers" />
    <property name="os.name" value="Mac OS X" />
    <property name="sun.boot.class.path" value="/System/Library/Java/JavaVirtualMachines/1.6.0.jdk/Contents/Classes/jsfd.jar:/System/Library/Java/JavaVirtualMachines/1.6.0.jdk/Contents/Classes/classes.jar:/System/Library/Frameworks/JavaVM.framework/Frameworks/JavaRuntimeSupport.framework/Resources/Java/JavaRuntimeSupport.jar:/System/Library/Java/JavaVirtualMachines/1.6.0.jdk/Contents/Classes/ui.jar:/System/Library/Java/JavaVirtualMachines/1.6.0.jdk/Contents/Classes/laf.jar:/System/Library/Java/JavaVirtualMachines/1.6.0.jdk/Contents/Classes/sunrsasign.jar:/System/Library/Java/JavaVirtualMachines/1.6.0.jdk/Contents/Classes/jsse.jar:/System/Library/Java/JavaVirtualMachines/1.6.0.jdk/Contents/Classes/jce.jar:/System/Library/Java/JavaVirtualMachines/1.6.0.jdk/Contents/Classes/charsets.jar" />
    <property name="java.vm.specification.vendor" value="Sun Microsystems Inc." />
    <property name="jruby.shell" value="/bin/sh" />
    <property name="java.runtime.version" value="1.6.0_29-b11-402-11M3527" />
    <property name="user.name" value="toddkaufman" />
    <property name="awt.nativeDoubleBuffering" value="true" />
    <property name="jffi.boot.library.path" value="/Users/toddkaufman/.rvm/rubies/jruby-1.6.5/lib/native/Darwin" />
    <property name="user.language" value="en" />
    <property name="sun.boot.library.path" value="/System/Library/Java/JavaVirtualMachines/1.6.0.jdk/Contents/Libraries" />
    <property name="ant.project.default-target" value="" />
    <property name="ant.project.name" value="junit" />
    <property name="java.version" value="1.6.0_29" />
    <property name="user.timezone" value="" />
    <property name="sun.arch.data.model" value="64" />
    <property name="http.nonProxyHosts" value="local|*.local|169.254/16|*.169.254/16" />
    <property name="java.endorsed.dirs" value="/System/Library/Java/JavaVirtualMachines/1.6.0.jdk/Contents/Home/lib/endorsed" />
    <property name="sun.cpu.isalist" value="" />
    <property name="sun.jnu.encoding" value="MacRoman" />
    <property name="file.encoding.pkg" value="sun.io" />
    <property name="jruby.stack.max" value="2048k" />
    <property name="file.separator" value="/" />
    <property name="java.specification.name" value="Java Platform API Specification" />
    <property name="java.class.version" value="50.0" />
    <property name="user.country" value="US" />
    <property name="java.home" value="/System/Library/Java/JavaVirtualMachines/1.6.0.jdk/Contents/Home" />
    <property name="java.vm.info" value="mixed mode" />
    <property name="os.version" value="10.7.2" />
    <property name="path.separator" value=":" />
    <property name="java.vm.version" value="20.4-b02-402" />
    <property name="java.awt.printerjob" value="apple.awt.CPrinterJob" />
    <property name="sun.io.unicode.encoding" value="UnicodeLittle" />
    <property name="awt.toolkit" value="apple.awt.CToolkit" />
    <property name="socksNonProxyHosts" value="local|*.local|169.254/16|*.169.254/16" />
    <property name="ftp.nonProxyHosts" value="local|*.local|169.254/16|*.169.254/16" />
    <property name="user.home" value="/Users/toddkaufman" />
    <property name="java.specification.vendor" value="Sun Microsystems Inc." />
    <property name="java.library.path" value=".:/Library/Java/Extensions:/System/Library/Java/Extensions:/usr/lib/java" />
    <property name="java.vendor.url" value="http://www.apple.com/" />
    <property name="jruby.script" value="jruby" />
    <property name="java.vm.vendor" value="Apple Inc." />
    <property name="gopherProxySet" value="false" />
    <property name="java.runtime.name" value="Java(TM) SE Runtime Environment" />
    <property name="sun.java.command" value="org.apache.tools.ant.taskdefs.optional.junit.JUnitTestRunner testsfile=/Users/toddkaufman/Projects/JRubyTransform/java_calling_ruby/junittestcases15780586675561599.properties filtertrace=true haltOnError=false haltOnFailure=false showoutput=false outputtoformatters=true logfailedtests=true logtestlistenerevents=true formatter=org.apache.tools.ant.taskdefs.optional.junit.PlainJUnitResultFormatter,/Users/toddkaufman/Projects/JRubyTransform/java_calling_ruby/reports/junit/IGNORETHIS.txt formatter=org.apache.tools.ant.taskdefs.optional.junit.PlainJUnitResultFormatter formatter=org.apache.tools.ant.taskdefs.optional.junit.XMLJUnitResultFormatter,/Users/toddkaufman/Projects/JRubyTransform/java_calling_ruby/reports/junit/IGNORETHIS.xml crashfile=/Users/toddkaufman/Projects/JRubyTransform/java_calling_ruby/junitvmwatcher8538285054072407244.properties propsfile=/Users/toddkaufman/Projects/JRubyTransform/java_calling_ruby/junit2458337915371212444.properties" />
    <property name="java.class.path" value="/Users/toddkaufman/Projects/JRubyTransform/java_calling_ruby/target/test/classes:/Users/toddkaufman/Projects/JRubyTransform/java_calling_ruby/target/classes:/Users/toddkaufman/Projects/JRubyTransform/java_calling_ruby/target/resources:/Users/toddkaufman/.m2/repository/org/springframework/org.springframework.context/3.0.0.RELEASE/org.springframework.context-3.0.0.RELEASE.jar:/Users/toddkaufman/.m2/repository/javax/inject/com.springsource.javax.inject/1.0.0/com.springsource.javax.inject-1.0.0.jar:/Users/toddkaufman/.m2/repository/javax/validation/com.springsource.javax.validation/1.0.0.GA/com.springsource.javax.validation-1.0.0.GA.jar:/Users/toddkaufman/.m2/repository/org/springframework/org.springframework.asm/3.0.0.RELEASE/org.springframework.asm-3.0.0.RELEASE.jar:/Users/toddkaufman/.m2/repository/org/springframework/org.springframework.aop/3.0.0.RELEASE/org.springframework.aop-3.0.0.RELEASE.jar:/Users/toddkaufman/.m2/repository/org/aopalliance/com.springsource.org.aopalliance/1.0.0/com.springsource.org.aopalliance-1.0.0.jar:/Users/toddkaufman/.m2/repository/org/springframework/org.springframework.beans/3.0.0.RELEASE/org.springframework.beans-3.0.0.RELEASE.jar:/Users/toddkaufman/.m2/repository/org/springframework/org.springframework.core/3.0.0.RELEASE/org.springframework.core-3.0.0.RELEASE.jar:/Users/toddkaufman/.m2/repository/org/springframework/org.springframework.expression/3.0.0.RELEASE/org.springframework.expression-3.0.0.RELEASE.jar:/Users/toddkaufman/.m2/repository/javax/inject/com.springsource.org.atinject.tck/1.0.0/com.springsource.org.atinject.tck-1.0.0.jar:/Users/toddkaufman/.m2/repository/org/junit/com.springsource.junit/3.8.2/com.springsource.junit-3.8.2.jar:/Users/toddkaufman/.m2/repository/commons-logging/commons-logging/1.1.1/commons-logging-1.1.1.jar:/Users/toddkaufman/.m2/repository/org/jruby/jruby/1.6.5/jruby-1.6.5.jar:/Users/toddkaufman/.m2/repository/org/jruby/joni/joni/1.1.6/joni-1.1.6.jar:/Users/toddkaufman/.m2/repository/org/jruby/jcodings/jcodings/1.0.4/jcodings-1.0.4.jar:/Users/toddkaufman/.m2/repository/org/jruby/extras/jnr-netdb/1.0.3/jnr-netdb-1.0.3.jar:/Users/toddkaufman/.m2/repository/org/jruby/extras/jaffl/0.5.9/jaffl-0.5.9.jar:/Users/toddkaufman/.m2/repository/org/jruby/extras/jffi/1.0.6/jffi-1.0.6.jar:/Users/toddkaufman/.m2/repository/org/jruby/extras/jffi/1.0.6/jffi-1.0.6-native.jar:/Users/toddkaufman/.m2/repository/asm/asm/3.2/asm-3.2.jar:/Users/toddkaufman/.m2/repository/asm/asm-commons/3.2/asm-commons-3.2.jar:/Users/toddkaufman/.m2/repository/asm/asm-tree/3.2/asm-tree-3.2.jar:/Users/toddkaufman/.m2/repository/org/jruby/extras/jnr-x86asm/1.0.0/jnr-x86asm-1.0.0.jar:/Users/toddkaufman/.m2/repository/org/jruby/ext/posix/jnr-posix/1.1.8/jnr-posix-1.1.8.jar:/Users/toddkaufman/.m2/repository/org/jruby/extras/bytelist/1.0.8/bytelist-1.0.8.jar:/Users/toddkaufman/.m2/repository/org/jruby/extras/constantine/0.6/constantine-0.6.jar:/Users/toddkaufman/.m2/repository/org/jruby/jcodings/jcodings/1.0.5/jcodings-1.0.5.jar:/Users/toddkaufman/.m2/repository/org/jruby/extras/jffi/1.0.8/jffi-1.0.8.jar:/Users/toddkaufman/.m2/repository/org/jruby/extras/jaffl/0.5.11/jaffl-0.5.11.jar:/Users/toddkaufman/.m2/repository/org/yaml/snakeyaml/1.9/snakeyaml-1.9.jar:/Users/toddkaufman/.m2/repository/jline/jline/1.0/jline-1.0.jar:/Users/toddkaufman/.m2/repository/joda-time/joda-time/1.6/joda-time-1.6.jar:/Users/toddkaufman/.m2/repository/junit/junit/4.8.2/junit-4.8.2.jar:/Users/toddkaufman/.m2/repository/org/jmock/jmock/2.5.1/jmock-2.5.1.jar:/Users/toddkaufman/.m2/repository/org/jmock/jmock-junit4/2.5.1/jmock-junit4-2.5.1.jar:/Users/toddkaufman/.m2/repository/org/hamcrest/hamcrest-core/1.1/hamcrest-core-1.1.jar:/Users/toddkaufman/.m2/repository/org/hamcrest/hamcrest-library/1.1/hamcrest-library-1.1.jar:/Users/toddkaufman/.m2/repository/org/apache/ant/ant-launcher/1.8.0/ant-launcher-1.8.0.jar:/Users/toddkaufman/.m2/repository/org/apache/ant/ant/1.8.0/ant-1.8.0.jar:/Users/toddkaufman/.m2/repository/org/apache/ant/ant-junit/1.8.0/ant-junit-1.8.0.jar" />
    <property name="ant.version" value="Apache Ant version 1.8.0 compiled on February 1 2010" />
    <property name="jruby.lib" value="/Users/toddkaufman/.rvm/rubies/jruby-1.6.5/lib" />
    <property name="java.vm.specification.name" value="Java Virtual Machine Specification" />
    <property name="java.vm.specification.version" value="1.0" />
    <property name="sun.cpu.endian" value="little" />
    <property name="sun.os.patch.level" value="unknown" />
    <property name="java.io.tmpdir" value="/var/folders/98/_w4fw9m1163f5ysp9ndz6ncm0000gn/T/" />
    <property name="java.vendor.url.bug" value="http://bugreport.apple.com/" />
    <property name="mrj.build" value="11M3527" />
    <property name="os.arch" value="x86_64" />
    <property name="java.awt.graphicsenv" value="apple.awt.CGraphicsEnvironment" />
    <property name="java.ext.dirs" value="/Library/Java/Extensions:/System/Library/Java/Extensions:/System/Library/Java/JavaVirtualMachines/1.6.0.jdk/Contents/Home/lib/ext" />
    <property name="jruby.home" value="/Users/toddkaufman/.rvm/rubies/jruby-1.6.5" />
    <property name="mrj.version" value="1070.1.6.0_29-402" />
    <property name="user.dir" value="/Users/toddkaufman/Projects/JRubyTransform/java_calling_ruby" />
    <property name="line.separator" value="
" />
    <property name="java.vm.name" value="Java HotSpot(TM) 64-Bit Server VM" />
    <property name="basedir" value="/Users/toddkaufman/Projects/JRubyTransform/java_calling_ruby" />
    <property name="baseDir" value="/Users/toddkaufman/Projects/JRubyTransform/java_calling_ruby/target/test/classes" />
    <property name="ant.java.version" value="1.6" />
    <property name="ant.core.lib" value="/Users/toddkaufman/.m2/repository/org/apache/ant/ant/1.8.0/ant-1.8.0.jar" />
    <property name="file.encoding" value="MacRoman" />
    <property name="jruby.memory.max" value="500m" />
    <property name="java.specification.version" value="1.6" />
  </properties>
  <testcase classname="BeerCounterTest" name="testJavaConfiguration" time="2.118" />
  <testcase classname="BeerCounterTest" name="testRubyConfiguration" time="0.297">
    <failure message="expected:&lt;1&gt; but was:&lt;2&gt;" type="junit.framework.AssertionFailedError">junit.framework.AssertionFailedError: expected:&lt;1&gt; but was:&lt;2&gt;
	at BeerCounterTest.testRubyConfiguration(BeerCounterTest.java:25)
</failure>
  </testcase>
  <system-out><![CDATA[]]></system-out>
  <system-err><![CDATA[Jan 11, 2012 12:01:33 PM org.springframework.context.support.AbstractApplicationContext prepareRefresh
INFO: Refreshing org.springframework.context.support.ClassPathXmlApplicationContext@e60e128: startup date [Wed Jan 11 12:01:33 EST 2012]; root of context hierarchy
Jan 11, 2012 12:01:33 PM org.springframework.beans.factory.xml.XmlBeanDefinitionReader loadBeanDefinitions
INFO: Loading XML bean definitions from class path resource [applicationContext.xml]
Jan 11, 2012 12:01:34 PM org.springframework.beans.factory.support.DefaultListableBeanFactory preInstantiateSingletons
INFO: Pre-instantiating singletons in org.springframework.beans.factory.support.DefaultListableBeanFactory@63cd66ea: defining beans [messageHandler,beerCounter,org.springframework.scripting.config.scriptFactoryPostProcessor,rubyBeerCounter,rubyHandler]; root of factory hierarchy
Jan 11, 2012 12:01:35 PM org.springframework.context.support.AbstractApplicationContext prepareRefresh
INFO: Refreshing org.springframework.context.support.ClassPathXmlApplicationContext@6001ef4b: startup date [Wed Jan 11 12:01:35 EST 2012]; root of context hierarchy
Jan 11, 2012 12:01:35 PM org.springframework.beans.factory.xml.XmlBeanDefinitionReader loadBeanDefinitions
INFO: Loading XML bean definitions from class path resource [applicationContext.xml]
Jan 11, 2012 12:01:36 PM org.springframework.beans.factory.support.DefaultListableBeanFactory preInstantiateSingletons
INFO: Pre-instantiating singletons in org.springframework.beans.factory.support.DefaultListableBeanFactory@7ddc6a9d: defining beans [messageHandler,beerCounter,org.springframework.scripting.config.scriptFactoryPostProcessor,rubyBeerCounter,rubyHandler]; root of factory hierarchy
]]></system-err>
</testsuite>
