<?xml version="1.0" encoding="UTF-8" ?>
<testsuite errors="0" failures="0" hostname="Todds-MacBook-Pro.local" name="org.springframework.samples.petclinic.jpa.EntityManagerClinicTests" tests="13" time="1.454" timestamp="2012-01-01T17:35:09">
  <properties>
    <property name="java.runtime.name" value="Java(TM) SE Runtime Environment" />
    <property name="sun.boot.library.path" value="/System/Library/Java/JavaVirtualMachines/1.6.0.jdk/Contents/Libraries" />
    <property name="java.vm.version" value="20.4-b02-402" />
    <property name="awt.nativeDoubleBuffering" value="true" />
    <property name="gopherProxySet" value="false" />
    <property name="ant.version" value="Apache Ant version 1.8.0 compiled on February 1 2010" />
    <property name="mrj.build" value="11M3527" />
    <property name="ant.java.version" value="1.6" />
    <property name="java.vm.vendor" value="Apple Inc." />
    <property name="java.vendor.url" value="http://www.apple.com/" />
    <property name="path.separator" value=":" />
    <property name="java.vm.name" value="Java HotSpot(TM) 64-Bit Server VM" />
    <property name="file.encoding.pkg" value="sun.io" />
    <property name="user.country" value="US" />
    <property name="sun.java.launcher" value="SUN_STANDARD" />
    <property name="sun.os.patch.level" value="unknown" />
    <property name="java.vm.specification.name" value="Java Virtual Machine Specification" />
    <property name="user.dir" value="/Users/toddkaufman/Projects/JRubyTransform/legacy-java" />
    <property name="java.runtime.version" value="1.6.0_29-b11-402-11M3527" />
    <property name="java.awt.graphicsenv" value="apple.awt.CGraphicsEnvironment" />
    <property name="basedir" value="/Users/toddkaufman/Projects/JRubyTransform/legacy-java" />
    <property name="java.endorsed.dirs" value="/System/Library/Java/JavaVirtualMachines/1.6.0.jdk/Contents/Home/lib/endorsed" />
    <property name="os.arch" value="x86_64" />
    <property name="ant.project.default-target" value="" />
    <property name="java.io.tmpdir" value="/var/folders/98/_w4fw9m1163f5ysp9ndz6ncm0000gn/T/" />
    <property name="ant.core.lib" value="/Users/toddkaufman/.m2/repository/org/apache/ant/ant/1.8.0/ant-1.8.0.jar" />
    <property name="line.separator" value="
" />
    <property name="java.vm.specification.vendor" value="Sun Microsystems Inc." />
    <property name="os.name" value="Mac OS X" />
    <property name="ant.project.name" value="junit" />
    <property name="sun.jnu.encoding" value="MacRoman" />
    <property name="java.library.path" value=".:/Library/Java/Extensions:/System/Library/Java/Extensions:/usr/lib/java" />
    <property name="java.specification.name" value="Java Platform API Specification" />
    <property name="java.class.version" value="50.0" />
    <property name="sun.management.compiler" value="HotSpot 64-Bit Tiered Compilers" />
    <property name="os.version" value="10.7.2" />
    <property name="http.nonProxyHosts" value="local|*.local|169.254/16|*.169.254/16" />
    <property name="user.home" value="/Users/toddkaufman" />
    <property name="user.timezone" value="" />
    <property name="java.awt.printerjob" value="apple.awt.CPrinterJob" />
    <property name="file.encoding" value="MacRoman" />
    <property name="java.specification.version" value="1.6" />
    <property name="user.name" value="toddkaufman" />
    <property name="java.class.path" value="/Users/toddkaufman/Projects/JRubyTransform/legacy-java/target/test/classes:/Users/toddkaufman/Projects/JRubyTransform/legacy-java/target/test/resources:/Users/toddkaufman/.m2/repository/org/springframework/org.springframework.test/3.0.0.RELEASE/org.springframework.test-3.0.0.RELEASE.jar:/Users/toddkaufman/Projects/JRubyTransform/legacy-java/target/classes:/Users/toddkaufman/Projects/JRubyTransform/legacy-java/target/resources:/Users/toddkaufman/.m2/repository/org/springframework/org.springframework.context/3.0.0.RELEASE/org.springframework.context-3.0.0.RELEASE.jar:/Users/toddkaufman/.m2/repository/javax/inject/com.springsource.javax.inject/1.0.0/com.springsource.javax.inject-1.0.0.jar:/Users/toddkaufman/.m2/repository/javax/validation/com.springsource.javax.validation/1.0.0.GA/com.springsource.javax.validation-1.0.0.GA.jar:/Users/toddkaufman/.m2/repository/org/springframework/org.springframework.asm/3.0.0.RELEASE/org.springframework.asm-3.0.0.RELEASE.jar:/Users/toddkaufman/.m2/repository/org/springframework/org.springframework.aop/3.0.0.RELEASE/org.springframework.aop-3.0.0.RELEASE.jar:/Users/toddkaufman/.m2/repository/org/aopalliance/com.springsource.org.aopalliance/1.0.0/com.springsource.org.aopalliance-1.0.0.jar:/Users/toddkaufman/.m2/repository/org/springframework/org.springframework.beans/3.0.0.RELEASE/org.springframework.beans-3.0.0.RELEASE.jar:/Users/toddkaufman/.m2/repository/org/springframework/org.springframework.core/3.0.0.RELEASE/org.springframework.core-3.0.0.RELEASE.jar:/Users/toddkaufman/.m2/repository/org/springframework/org.springframework.expression/3.0.0.RELEASE/org.springframework.expression-3.0.0.RELEASE.jar:/Users/toddkaufman/.m2/repository/javax/inject/com.springsource.org.atinject.tck/1.0.0/com.springsource.org.atinject.tck-1.0.0.jar:/Users/toddkaufman/.m2/repository/org/junit/com.springsource.junit/3.8.2/com.springsource.junit-3.8.2.jar:/Users/toddkaufman/.m2/repository/org/springframework/org.springframework.orm/3.0.0.RELEASE/org.springframework.orm-3.0.0.RELEASE.jar:/Users/toddkaufman/.m2/repository/javax/transaction/com.springsource.javax.transaction/1.1.0/com.springsource.javax.transaction-1.1.0.jar:/Users/toddkaufman/.m2/repository/org/springframework/org.springframework.jdbc/3.0.0.RELEASE/org.springframework.jdbc-3.0.0.RELEASE.jar:/Users/toddkaufman/.m2/repository/org/springframework/org.springframework.transaction/3.0.0.RELEASE/org.springframework.transaction-3.0.0.RELEASE.jar:/Users/toddkaufman/.m2/repository/org/springframework/org.springframework.oxm/3.0.0.RELEASE/org.springframework.oxm-3.0.0.RELEASE.jar:/Users/toddkaufman/.m2/repository/org/springframework/org.springframework.web.servlet/3.0.0.RELEASE/org.springframework.web.servlet-3.0.0.RELEASE.jar:/Users/toddkaufman/.m2/repository/javax/el/com.springsource.javax.el/1.0.0/com.springsource.javax.el-1.0.0.jar:/Users/toddkaufman/.m2/repository/javax/servlet/com.springsource.javax.servlet/2.5.0/com.springsource.javax.servlet-2.5.0.jar:/Users/toddkaufman/.m2/repository/javax/servlet/com.springsource.javax.servlet.jsp/2.1.0/com.springsource.javax.servlet.jsp-2.1.0.jar:/Users/toddkaufman/.m2/repository/javax/servlet/com.springsource.javax.servlet.jsp.jstl/1.1.2/com.springsource.javax.servlet.jsp.jstl-1.1.2.jar:/Users/toddkaufman/.m2/repository/org/apache/taglibs/com.springsource.org.apache.taglibs.standard/1.1.2/com.springsource.org.apache.taglibs.standard-1.1.2.jar:/Users/toddkaufman/.m2/repository/org/springframework/org.springframework.web/3.0.0.RELEASE/org.springframework.web-3.0.0.RELEASE.jar:/Users/toddkaufman/.m2/repository/org/springframework/org.springframework.aspects/3.0.0.RELEASE/org.springframework.aspects-3.0.0.RELEASE.jar:/Users/toddkaufman/.m2/repository/org/aspectj/com.springsource.org.aspectj.weaver/1.6.8.RELEASE/com.springsource.org.aspectj.weaver-1.6.8.RELEASE.jar:/Users/toddkaufman/.m2/repository/org/slf4j/com.springsource.slf4j.api/1.5.6/com.springsource.slf4j.api-1.5.6.jar:/Users/toddkaufman/.m2/repository/org/slf4j/com.springsource.slf4j.org.apache.commons.logging/1.5.6/com.springsource.slf4j.org.apache.commons.logging-1.5.6.jar:/Users/toddkaufman/.m2/repository/org/slf4j/com.springsource.slf4j.log4j/1.5.6/com.springsource.slf4j.log4j-1.5.6.jar:/Users/toddkaufman/.m2/repository/org/apache/log4j/com.springsource.org.apache.log4j/1.2.15/com.springsource.org.apache.log4j-1.2.15.jar:/Users/toddkaufman/.m2/repository/javax/jms/com.springsource.javax.jms/1.1.0/com.springsource.javax.jms-1.1.0.jar:/Users/toddkaufman/.m2/repository/org/apache/commons/com.springsource.org.apache.commons.dbcp/1.2.2.osgi/com.springsource.org.apache.commons.dbcp-1.2.2.osgi.jar:/Users/toddkaufman/.m2/repository/org/apache/commons/com.springsource.org.apache.commons.pool/1.3.0/com.springsource.org.apache.commons.pool-1.3.0.jar:/Users/toddkaufman/.m2/repository/org/apache/commons/com.springsource.org.apache.commons.pool/1.5.3/com.springsource.org.apache.commons.pool-1.5.3.jar:/Users/toddkaufman/.m2/repository/org/hsqldb/com.springsource.org.hsqldb/1.8.0.9/com.springsource.org.hsqldb-1.8.0.9.jar:/Users/toddkaufman/.m2/repository/javax/servlet/com.springsource.javax.servlet/2.4.0/com.springsource.javax.servlet-2.4.0.jar:/Users/toddkaufman/.m2/repository/org/hibernate/com.springsource.org.hibernate/3.3.2.GA/com.springsource.org.hibernate-3.3.2.GA.jar:/Users/toddkaufman/.m2/repository/net/sourceforge/cglib/com.springsource.net.sf.cglib/2.2.0/com.springsource.net.sf.cglib-2.2.0.jar:/Users/toddkaufman/.m2/repository/org/antlr/com.springsource.antlr/2.7.6/com.springsource.antlr-2.7.6.jar:/Users/toddkaufman/.m2/repository/org/apache/commons/com.springsource.org.apache.commons.collections/3.2.1/com.springsource.org.apache.commons.collections-3.2.1.jar:/Users/toddkaufman/.m2/repository/org/dom4j/com.springsource.org.dom4j/1.6.1/com.springsource.org.dom4j-1.6.1.jar:/Users/toddkaufman/.m2/repository/org/jboss/javassist/com.springsource.javassist/3.9.0.GA/com.springsource.javassist-3.9.0.GA.jar:/Users/toddkaufman/.m2/repository/org/objectweb/asm/com.springsource.org.objectweb.asm/1.5.3/com.springsource.org.objectweb.asm-1.5.3.jar:/Users/toddkaufman/.m2/repository/org/hibernate/com.springsource.org.hibernate.ejb/3.4.0.GA/com.springsource.org.hibernate.ejb-3.4.0.GA.jar:/Users/toddkaufman/.m2/repository/org/jboss/javassist/com.springsource.javassist/3.3.0.ga/com.springsource.javassist-3.3.0.ga.jar:/Users/toddkaufman/.m2/repository/javax/persistence/com.springsource.javax.persistence/1.0.0/com.springsource.javax.persistence-1.0.0.jar:/Users/toddkaufman/.m2/repository/org/hibernate/com.springsource.org.hibernate/3.2.6.ga/com.springsource.org.hibernate-3.2.6.ga.jar:/Users/toddkaufman/.m2/repository/org/apache/commons/com.springsource.org.apache.commons.collections/3.2.0/com.springsource.org.apache.commons.collections-3.2.0.jar:/Users/toddkaufman/.m2/repository/org/apache/commons/com.springsource.org.apache.commons.logging/1.1.1/com.springsource.org.apache.commons.logging-1.1.1.jar:/Users/toddkaufman/.m2/repository/net/sourceforge/cglib/com.springsource.net.sf.cglib/2.1.3/com.springsource.net.sf.cglib-2.1.3.jar:/Users/toddkaufman/.m2/repository/org/objectweb/asm/com.springsource.org.objectweb.asm.attrs/1.5.3/com.springsource.org.objectweb.asm.attrs-1.5.3.jar:/Users/toddkaufman/.m2/repository/org/hibernate/com.springsource.org.hibernate.annotations.common/3.3.0.ga/com.springsource.org.hibernate.annotations.common-3.3.0.ga.jar:/Users/toddkaufman/.m2/repository/org/jboss/util/com.springsource.org.jboss.util/2.0.4.GA/com.springsource.org.jboss.util-2.0.4.GA.jar:/Users/toddkaufman/.m2/repository/edu/oswego/cs/concurrent/com.springsource.edu.oswego.cs.dl.util.concurrent/1.3.4/com.springsource.edu.oswego.cs.dl.util.concurrent-1.3.4.jar:/Users/toddkaufman/.m2/repository/org/slf4j/com.springsource.slf4j.api/1.5.3/com.springsource.slf4j.api-1.5.3.jar:/Users/toddkaufman/.m2/repository/org/hibernate/com.springsource.org.hibernate.annotations/3.4.0.GA/com.springsource.org.hibernate.annotations-3.4.0.GA.jar:/Users/toddkaufman/.m2/repository/org/slf4j/com.springsource.slf4j.api/1.3.1/com.springsource.slf4j.api-1.3.1.jar:/Users/toddkaufman/.m2/repository/org/hibernate/com.springsource.org.hibernate/3.3.1.GA/com.springsource.org.hibernate-3.3.1.GA.jar:/Users/toddkaufman/.m2/repository/org/jgroups/com.springsource.org.jgroups/2.2.8/com.springsource.org.jgroups-2.2.8.jar:/Users/toddkaufman/.m2/repository/org/apache/openjpa/com.springsource.org.apache.openjpa/1.1.0/com.springsource.org.apache.openjpa-1.1.0.jar:/Users/toddkaufman/.m2/repository/net/sourceforge/serp/com.springsource.serp/1.13.1/com.springsource.serp-1.13.1.jar:/Users/toddkaufman/.m2/repository/org/apache/commons/com.springsource.org.apache.commons.lang/2.1.0/com.springsource.org.apache.commons.lang-2.1.0.jar:/Users/toddkaufman/.m2/repository/com/oracle/toplink/essentials/com.springsource.oracle.toplink.essentials/2.0.0.b41-beta2/com.springsource.oracle.toplink.essentials-2.0.0.b41-beta2.jar:/Users/toddkaufman/.m2/repository/javax/servlet/com.springsource.javax.servlet.jsp.jstl/1.2.0/com.springsource.javax.servlet.jsp.jstl-1.2.0.jar:/Users/toddkaufman/.m2/repository/com/sun/syndication/com.springsource.com.sun.syndication/1.0.0/com.springsource.com.sun.syndication-1.0.0.jar:/Users/toddkaufman/.m2/repository/org/jdom/com.springsource.org.jdom/1.0.0/com.springsource.org.jdom-1.0.0.jar:/Users/toddkaufman/.m2/repository/org/jdom/com.springsource.org.jdom/1.1.0/com.springsource.org.jdom-1.1.0.jar:/Users/toddkaufman/.m2/repository/javax/xml/bind/com.springsource.javax.xml.bind/2.1.7/com.springsource.javax.xml.bind-2.1.7.jar:/Users/toddkaufman/.m2/repository/javax/activation/com.springsource.javax.activation/1.1.0/com.springsource.javax.activation-1.1.0.jar:/Users/toddkaufman/.m2/repository/javax/xml/stream/com.springsource.javax.xml.stream/1.0.1/com.springsource.javax.xml.stream-1.0.1.jar:/Users/toddkaufman/.m2/repository/junit/junit/4.8.2/junit-4.8.2.jar:/Users/toddkaufman/.m2/repository/org/jmock/jmock/2.5.1/jmock-2.5.1.jar:/Users/toddkaufman/.m2/repository/org/jmock/jmock-junit4/2.5.1/jmock-junit4-2.5.1.jar:/Users/toddkaufman/.m2/repository/org/hamcrest/hamcrest-core/1.1/hamcrest-core-1.1.jar:/Users/toddkaufman/.m2/repository/org/hamcrest/hamcrest-library/1.1/hamcrest-library-1.1.jar:/Users/toddkaufman/.m2/repository/org/apache/ant/ant-launcher/1.8.0/ant-launcher-1.8.0.jar:/Users/toddkaufman/.m2/repository/org/apache/ant/ant/1.8.0/ant-1.8.0.jar:/Users/toddkaufman/.m2/repository/org/apache/ant/ant-junit/1.8.0/ant-junit-1.8.0.jar" />
    <property name="java.vm.specification.version" value="1.0" />
    <property name="sun.java.command" value="org.apache.tools.ant.taskdefs.optional.junit.JUnitTestRunner testsfile=/Users/toddkaufman/Projects/JRubyTransform/legacy-java/junittestcases4250491421355089879.properties filtertrace=true haltOnError=false haltOnFailure=false showoutput=false outputtoformatters=true logfailedtests=true logtestlistenerevents=true formatter=org.apache.tools.ant.taskdefs.optional.junit.PlainJUnitResultFormatter,/Users/toddkaufman/Projects/JRubyTransform/legacy-java/reports/junit/IGNORETHIS.txt formatter=org.apache.tools.ant.taskdefs.optional.junit.PlainJUnitResultFormatter formatter=org.apache.tools.ant.taskdefs.optional.junit.XMLJUnitResultFormatter,/Users/toddkaufman/Projects/JRubyTransform/legacy-java/reports/junit/IGNORETHIS.xml crashfile=/Users/toddkaufman/Projects/JRubyTransform/legacy-java/junitvmwatcher3056257353529250626.properties propsfile=/Users/toddkaufman/Projects/JRubyTransform/legacy-java/junit3765846833548607373.properties" />
    <property name="java.home" value="/System/Library/Java/JavaVirtualMachines/1.6.0.jdk/Contents/Home" />
    <property name="sun.arch.data.model" value="64" />
    <property name="java.specification.vendor" value="Sun Microsystems Inc." />
    <property name="user.language" value="en" />
    <property name="awt.toolkit" value="apple.awt.CToolkit" />
    <property name="java.vm.info" value="mixed mode" />
    <property name="java.version" value="1.6.0_29" />
    <property name="java.ext.dirs" value="/Library/Java/Extensions:/System/Library/Java/Extensions:/System/Library/Java/JavaVirtualMachines/1.6.0.jdk/Contents/Home/lib/ext" />
    <property name="sun.boot.class.path" value="/System/Library/Java/JavaVirtualMachines/1.6.0.jdk/Contents/Classes/jsfd.jar:/System/Library/Java/JavaVirtualMachines/1.6.0.jdk/Contents/Classes/classes.jar:/System/Library/Frameworks/JavaVM.framework/Frameworks/JavaRuntimeSupport.framework/Resources/Java/JavaRuntimeSupport.jar:/System/Library/Java/JavaVirtualMachines/1.6.0.jdk/Contents/Classes/ui.jar:/System/Library/Java/JavaVirtualMachines/1.6.0.jdk/Contents/Classes/laf.jar:/System/Library/Java/JavaVirtualMachines/1.6.0.jdk/Contents/Classes/sunrsasign.jar:/System/Library/Java/JavaVirtualMachines/1.6.0.jdk/Contents/Classes/jsse.jar:/System/Library/Java/JavaVirtualMachines/1.6.0.jdk/Contents/Classes/jce.jar:/System/Library/Java/JavaVirtualMachines/1.6.0.jdk/Contents/Classes/charsets.jar" />
    <property name="java.vendor" value="Apple Inc." />
    <property name="file.separator" value="/" />
    <property name="java.vendor.url.bug" value="http://bugreport.apple.com/" />
    <property name="sun.io.unicode.encoding" value="UnicodeLittle" />
    <property name="sun.cpu.endian" value="little" />
    <property name="mrj.version" value="1070.1.6.0_29-402" />
    <property name="baseDir" value="/Users/toddkaufman/Projects/JRubyTransform/legacy-java/target/test/classes" />
    <property name="socksNonProxyHosts" value="local|*.local|169.254/16|*.169.254/16" />
    <property name="ftp.nonProxyHosts" value="local|*.local|169.254/16|*.169.254/16" />
    <property name="sun.cpu.isalist" value="" />
  </properties>
  <testcase classname="org.springframework.samples.petclinic.jpa.EntityManagerClinicTests" name="testUsageLogAspectIsInvoked" time="1.295" />
  <testcase classname="org.springframework.samples.petclinic.jpa.EntityManagerClinicTests" name="testBogusJpql" time="0.0090" />
  <testcase classname="org.springframework.samples.petclinic.jpa.EntityManagerClinicTests" name="testApplicationManaged" time="0.0060" />
  <testcase classname="org.springframework.samples.petclinic.jpa.EntityManagerClinicTests" name="testGetVets" time="0.026" />
  <testcase classname="org.springframework.samples.petclinic.jpa.EntityManagerClinicTests" name="testGetPetTypes" time="0.0050" />
  <testcase classname="org.springframework.samples.petclinic.jpa.EntityManagerClinicTests" name="testFindOwners" time="0.016" />
  <testcase classname="org.springframework.samples.petclinic.jpa.EntityManagerClinicTests" name="testLoadOwner" time="0.011" />
  <testcase classname="org.springframework.samples.petclinic.jpa.EntityManagerClinicTests" name="testInsertOwner" time="0.012" />
  <testcase classname="org.springframework.samples.petclinic.jpa.EntityManagerClinicTests" name="testUpdateOwner" time="0.0080" />
  <testcase classname="org.springframework.samples.petclinic.jpa.EntityManagerClinicTests" name="testLoadPet" time="0.015" />
  <testcase classname="org.springframework.samples.petclinic.jpa.EntityManagerClinicTests" name="testInsertPet" time="0.02" />
  <testcase classname="org.springframework.samples.petclinic.jpa.EntityManagerClinicTests" name="testUpdatePet" time="0.011" />
  <testcase classname="org.springframework.samples.petclinic.jpa.EntityManagerClinicTests" name="testInsertVisit" time="0.013" />
  <system-out><![CDATA[[TopLink Config]: 2012.01.01 12:35:10.813--ServerSession(617806695)--Thread(Thread[main,5,main])--The alias name for the entity class [class org.springframework.samples.petclinic.Vet] is being defaulted to: Vet.
[TopLink Config]: 2012.01.01 12:35:10.834--ServerSession(617806695)--Thread(Thread[main,5,main])--The column name for element [public java.lang.Integer org.springframework.samples.petclinic.BaseEntity.getId()] is being defaulted to: ID.
[TopLink Config]: 2012.01.01 12:35:10.841--ServerSession(617806695)--Thread(Thread[main,5,main])--The alias name for the entity class [class org.springframework.samples.petclinic.Specialty] is being defaulted to: Specialty.
[TopLink Config]: 2012.01.01 12:35:10.842--ServerSession(617806695)--Thread(Thread[main,5,main])--The column name for element [public java.lang.Integer org.springframework.samples.petclinic.BaseEntity.getId()] is being defaulted to: ID.
[TopLink Config]: 2012.01.01 12:35:10.842--ServerSession(617806695)--Thread(Thread[main,5,main])--The alias name for the entity class [class org.springframework.samples.petclinic.Owner] is being defaulted to: Owner.
[TopLink Config]: 2012.01.01 12:35:10.843--ServerSession(617806695)--Thread(Thread[main,5,main])--The column name for element [public java.lang.Integer org.springframework.samples.petclinic.BaseEntity.getId()] is being defaulted to: ID.
[TopLink Config]: 2012.01.01 12:35:10.843--ServerSession(617806695)--Thread(Thread[main,5,main])--The column name for element [public java.lang.String org.springframework.samples.petclinic.Owner.getAddress()] is being defaulted to: ADDRESS.
[TopLink Config]: 2012.01.01 12:35:10.844--ServerSession(617806695)--Thread(Thread[main,5,main])--The column name for element [public java.lang.String org.springframework.samples.petclinic.Owner.getCity()] is being defaulted to: CITY.
[TopLink Config]: 2012.01.01 12:35:10.844--ServerSession(617806695)--Thread(Thread[main,5,main])--The column name for element [public java.lang.String org.springframework.samples.petclinic.Owner.getTelephone()] is being defaulted to: TELEPHONE.
[TopLink Config]: 2012.01.01 12:35:10.846--ServerSession(617806695)--Thread(Thread[main,5,main])--The alias name for the entity class [class org.springframework.samples.petclinic.Pet] is being defaulted to: Pet.
[TopLink Config]: 2012.01.01 12:35:10.847--ServerSession(617806695)--Thread(Thread[main,5,main])--The column name for element [public java.lang.Integer org.springframework.samples.petclinic.BaseEntity.getId()] is being defaulted to: ID.
[TopLink Config]: 2012.01.01 12:35:10.853--ServerSession(617806695)--Thread(Thread[main,5,main])--The alias name for the entity class [class org.springframework.samples.petclinic.PetType] is being defaulted to: PetType.
[TopLink Config]: 2012.01.01 12:35:10.853--ServerSession(617806695)--Thread(Thread[main,5,main])--The column name for element [public java.lang.Integer org.springframework.samples.petclinic.BaseEntity.getId()] is being defaulted to: ID.
[TopLink Config]: 2012.01.01 12:35:10.854--ServerSession(617806695)--Thread(Thread[main,5,main])--The alias name for the entity class [class org.springframework.samples.petclinic.Visit] is being defaulted to: Visit.
[TopLink Config]: 2012.01.01 12:35:10.854--ServerSession(617806695)--Thread(Thread[main,5,main])--The column name for element [public java.lang.Integer org.springframework.samples.petclinic.BaseEntity.getId()] is being defaulted to: ID.
[TopLink Config]: 2012.01.01 12:35:10.855--ServerSession(617806695)--Thread(Thread[main,5,main])--The column name for element [public java.lang.String org.springframework.samples.petclinic.Visit.getDescription()] is being defaulted to: DESCRIPTION.
[TopLink Config]: 2012.01.01 12:35:10.900--ServerSession(617806695)--Thread(Thread[main,5,main])--The target entity (reference) class for the many to one mapping element [public org.springframework.samples.petclinic.Pet org.springframework.samples.petclinic.Visit.getPet()] is being defaulted to: class org.springframework.samples.petclinic.Pet.
[TopLink Config]: 2012.01.01 12:35:10.905--ServerSession(617806695)--Thread(Thread[main,5,main])--The primary key column name for the mapping element [public org.springframework.samples.petclinic.Pet org.springframework.samples.petclinic.Visit.getPet()] is being defaulted to: ID.
[TopLink Config]: 2012.01.01 12:35:10.905--ServerSession(617806695)--Thread(Thread[main,5,main])--The foreign key column name for the mapping element [public org.springframework.samples.petclinic.Pet org.springframework.samples.petclinic.Visit.getPet()] is being defaulted to: PET_ID.
[TopLink Config]: 2012.01.01 12:35:10.905--ServerSession(617806695)--Thread(Thread[main,5,main])--The target entity (reference) class for the many to one mapping element [public org.springframework.samples.petclinic.Owner org.springframework.samples.petclinic.Pet.getOwner()] is being defaulted to: class org.springframework.samples.petclinic.Owner.
[TopLink Config]: 2012.01.01 12:35:10.905--ServerSession(617806695)--Thread(Thread[main,5,main])--The primary key column name for the mapping element [public org.springframework.samples.petclinic.Owner org.springframework.samples.petclinic.Pet.getOwner()] is being defaulted to: ID.
[TopLink Config]: 2012.01.01 12:35:10.906--ServerSession(617806695)--Thread(Thread[main,5,main])--The foreign key column name for the mapping element [public org.springframework.samples.petclinic.Owner org.springframework.samples.petclinic.Pet.getOwner()] is being defaulted to: OWNER_ID.
[TopLink Config]: 2012.01.01 12:35:10.906--ServerSession(617806695)--Thread(Thread[main,5,main])--The target entity (reference) class for the many to one mapping element [public org.springframework.samples.petclinic.PetType org.springframework.samples.petclinic.Pet.getType()] is being defaulted to: class org.springframework.samples.petclinic.PetType.
[TopLink Config]: 2012.01.01 12:35:10.906--ServerSession(617806695)--Thread(Thread[main,5,main])--The primary key column name for the mapping element [public org.springframework.samples.petclinic.PetType org.springframework.samples.petclinic.Pet.getType()] is being defaulted to: ID.
[TopLink Config]: 2012.01.01 12:35:10.906--ServerSession(617806695)--Thread(Thread[main,5,main])--The foreign key column name for the mapping element [public org.springframework.samples.petclinic.PetType org.springframework.samples.petclinic.Pet.getType()] is being defaulted to: TYPE_ID.
[TopLink Config]: 2012.01.01 12:35:10.909--ServerSession(617806695)--Thread(Thread[main,5,main])--The source primary key column name for the many to many mapping [protected java.util.Set org.springframework.samples.petclinic.Vet.getSpecialtiesInternal()] is being defaulted to: ID.
[TopLink Config]: 2012.01.01 12:35:10.909--ServerSession(617806695)--Thread(Thread[main,5,main])--The target primary key column name for the many to many mapping [protected java.util.Set org.springframework.samples.petclinic.Vet.getSpecialtiesInternal()] is being defaulted to: ID.
[TopLink Info]: 2012.01.01 12:35:11.013--ServerSession(617806695)--Thread(Thread[main,5,main])--TopLink, version: Oracle TopLink Essentials - 2.0 (Build b41-beta2 (03/30/2007))
[TopLink Config]: 2012.01.01 12:35:11.018--ServerSession(617806695)--Connection(1528185295)--Thread(Thread[main,5,main])--connecting(DatabaseLogin(
	platform=>EssentialsHSQLPlatformWithNativeSequence
	user name=> ""
	connector=>JNDIConnector datasource name=>null
))
[TopLink Config]: 2012.01.01 12:35:11.027--ServerSession(617806695)--Connection(1870567471)--Thread(Thread[main,5,main])--Connected: jdbc:hsqldb:mem:petclinic
	User: SA
	Database: HSQL Database Engine  Version: 1.8.0
	Driver: HSQL Database Engine Driver  Version: 1.8.0
[TopLink Config]: 2012.01.01 12:35:11.027--ServerSession(617806695)--Connection(1614376664)--Thread(Thread[main,5,main])--connecting(DatabaseLogin(
	platform=>EssentialsHSQLPlatformWithNativeSequence
	user name=> ""
	connector=>JNDIConnector datasource name=>null
))
[TopLink Config]: 2012.01.01 12:35:11.027--ServerSession(617806695)--Connection(1520195650)--Thread(Thread[main,5,main])--Connected: jdbc:hsqldb:mem:petclinic
	User: SA
	Database: HSQL Database Engine  Version: 1.8.0
	Driver: HSQL Database Engine Driver  Version: 1.8.0
[TopLink Info]: 2012.01.01 12:35:11.051--ServerSession(617806695)--Thread(Thread[main,5,main])--file:/Users/toddkaufman/Projects/JRubyTransform/legacy-java/target/resources/-PetClinic login successful
[TopLink Fine]: 2012.01.01 12:35:11.160--ClientSession(1160800030)--Connection(1824654862)--Thread(Thread[main,5,main])--SELECT ID, ADDRESS, FIRST_NAME, CITY, TELEPHONE, LAST_NAME FROM owners WHERE (LAST_NAME LIKE ?)
	bind => [Schuurman%]
[TopLink Fine]: 2012.01.01 12:35:11.174--ClientSession(1160800030)--Connection(1824654862)--Thread(Thread[main,5,main])--SELECT ID, ADDRESS, FIRST_NAME, CITY, TELEPHONE, LAST_NAME FROM owners WHERE (LAST_NAME LIKE ?)
	bind => [Greenwood%]
[TopLink Fine]: 2012.01.01 12:35:11.196--ClientSession(1548405287)--Connection(840824263)--Thread(Thread[main,5,main])--SELECT ID, LAST_NAME, FIRST_NAME FROM vets ORDER BY LAST_NAME ASC, FIRST_NAME ASC
[TopLink Fine]: 2012.01.01 12:35:11.201--ClientSession(1548405287)--Connection(840824263)--Thread(Thread[main,5,main])--SELECT t1.ID, t1.NAME FROM vet_specialties t0, specialties t1 WHERE ((t0.VET_ID = ?) AND (t1.ID = t0.SPECIALTY_ID))
	bind => [1]
[TopLink Fine]: 2012.01.01 12:35:11.202--ClientSession(1548405287)--Connection(840824263)--Thread(Thread[main,5,main])--SELECT t1.ID, t1.NAME FROM vet_specialties t0, specialties t1 WHERE ((t0.VET_ID = ?) AND (t1.ID = t0.SPECIALTY_ID))
	bind => [3]
[TopLink Fine]: 2012.01.01 12:35:11.203--ClientSession(1548405287)--Connection(840824263)--Thread(Thread[main,5,main])--SELECT t1.ID, t1.NAME FROM vet_specialties t0, specialties t1 WHERE ((t0.VET_ID = ?) AND (t1.ID = t0.SPECIALTY_ID))
	bind => [6]
[TopLink Fine]: 2012.01.01 12:35:11.204--ClientSession(1548405287)--Connection(840824263)--Thread(Thread[main,5,main])--SELECT t1.ID, t1.NAME FROM vet_specialties t0, specialties t1 WHERE ((t0.VET_ID = ?) AND (t1.ID = t0.SPECIALTY_ID))
	bind => [2]
[TopLink Fine]: 2012.01.01 12:35:11.205--ClientSession(1548405287)--Connection(840824263)--Thread(Thread[main,5,main])--SELECT t1.ID, t1.NAME FROM vet_specialties t0, specialties t1 WHERE ((t0.VET_ID = ?) AND (t1.ID = t0.SPECIALTY_ID))
	bind => [4]
[TopLink Fine]: 2012.01.01 12:35:11.206--ClientSession(1548405287)--Connection(840824263)--Thread(Thread[main,5,main])--SELECT t1.ID, t1.NAME FROM vet_specialties t0, specialties t1 WHERE ((t0.VET_ID = ?) AND (t1.ID = t0.SPECIALTY_ID))
	bind => [5]
[TopLink Fine]: 2012.01.01 12:35:11.220--ClientSession(1198885077)--Connection(1969912985)--Thread(Thread[main,5,main])--SELECT ID, NAME FROM types ORDER BY NAME ASC
[TopLink Fine]: 2012.01.01 12:35:11.225--ClientSession(17066472)--Connection(1220869853)--Thread(Thread[main,5,main])--SELECT ID, ADDRESS, FIRST_NAME, CITY, TELEPHONE, LAST_NAME FROM owners WHERE (LAST_NAME LIKE ?)
	bind => [Davis%]
[TopLink Fine]: 2012.01.01 12:35:11.226--ClientSession(17066472)--Connection(1220869853)--Thread(Thread[main,5,main])--SELECT ID, BIRTH_DATE, NAME, OWNER_ID, TYPE_ID FROM pets WHERE (OWNER_ID = ?)
	bind => [2]
[TopLink Fine]: 2012.01.01 12:35:11.226--ClientSession(17066472)--Connection(1220869853)--Thread(Thread[main,5,main])--SELECT ID, VISIT_DATE, DESCRIPTION, PET_ID FROM visits WHERE (PET_ID = ?)
	bind => [2]
[TopLink Fine]: 2012.01.01 12:35:11.227--ClientSession(17066472)--Connection(1220869853)--Thread(Thread[main,5,main])--SELECT ID, ADDRESS, FIRST_NAME, CITY, TELEPHONE, LAST_NAME FROM owners WHERE (ID = ?)
	bind => [2]
[TopLink Fine]: 2012.01.01 12:35:11.228--ClientSession(17066472)--Connection(1220869853)--Thread(Thread[main,5,main])--SELECT ID, NAME FROM types WHERE (ID = ?)
	bind => [6]
[TopLink Fine]: 2012.01.01 12:35:11.229--ClientSession(17066472)--Connection(1220869853)--Thread(Thread[main,5,main])--SELECT ID, BIRTH_DATE, NAME, OWNER_ID, TYPE_ID FROM pets WHERE (OWNER_ID = ?)
	bind => [4]
[TopLink Fine]: 2012.01.01 12:35:11.229--ClientSession(17066472)--Connection(1220869853)--Thread(Thread[main,5,main])--SELECT ID, VISIT_DATE, DESCRIPTION, PET_ID FROM visits WHERE (PET_ID = ?)
	bind => [5]
[TopLink Fine]: 2012.01.01 12:35:11.230--ClientSession(17066472)--Connection(1220869853)--Thread(Thread[main,5,main])--SELECT ID, ADDRESS, FIRST_NAME, CITY, TELEPHONE, LAST_NAME FROM owners WHERE (ID = ?)
	bind => [4]
[TopLink Fine]: 2012.01.01 12:35:11.230--ClientSession(17066472)--Connection(1220869853)--Thread(Thread[main,5,main])--SELECT ID, NAME FROM types WHERE (ID = ?)
	bind => [3]
[TopLink Fine]: 2012.01.01 12:35:11.237--ClientSession(17066472)--Connection(1220869853)--Thread(Thread[main,5,main])--SELECT ID, ADDRESS, FIRST_NAME, CITY, TELEPHONE, LAST_NAME FROM owners WHERE (LAST_NAME LIKE ?)
	bind => [Daviss%]
[TopLink Fine]: 2012.01.01 12:35:11.242--ClientSession(880361546)--Connection(74175792)--Thread(Thread[main,5,main])--SELECT ID, ADDRESS, FIRST_NAME, CITY, TELEPHONE, LAST_NAME FROM owners WHERE (ID = ?)
	bind => [1]
[TopLink Fine]: 2012.01.01 12:35:11.242--ClientSession(880361546)--Connection(74175792)--Thread(Thread[main,5,main])--SELECT ID, BIRTH_DATE, NAME, OWNER_ID, TYPE_ID FROM pets WHERE (OWNER_ID = ?)
	bind => [1]
[TopLink Fine]: 2012.01.01 12:35:11.243--ClientSession(880361546)--Connection(74175792)--Thread(Thread[main,5,main])--SELECT ID, VISIT_DATE, DESCRIPTION, PET_ID FROM visits WHERE (PET_ID = ?)
	bind => [1]
[TopLink Fine]: 2012.01.01 12:35:11.243--ClientSession(880361546)--Connection(74175792)--Thread(Thread[main,5,main])--SELECT ID, ADDRESS, FIRST_NAME, CITY, TELEPHONE, LAST_NAME FROM owners WHERE (ID = ?)
	bind => [1]
[TopLink Fine]: 2012.01.01 12:35:11.244--ClientSession(880361546)--Connection(74175792)--Thread(Thread[main,5,main])--SELECT ID, NAME FROM types WHERE (ID = ?)
	bind => [1]
[TopLink Fine]: 2012.01.01 12:35:11.245--ClientSession(880361546)--Connection(74175792)--Thread(Thread[main,5,main])--SELECT ID, ADDRESS, FIRST_NAME, CITY, TELEPHONE, LAST_NAME FROM owners WHERE (ID = ?)
	bind => [10]
[TopLink Fine]: 2012.01.01 12:35:11.245--ClientSession(880361546)--Connection(74175792)--Thread(Thread[main,5,main])--SELECT ID, BIRTH_DATE, NAME, OWNER_ID, TYPE_ID FROM pets WHERE (OWNER_ID = ?)
	bind => [10]
[TopLink Fine]: 2012.01.01 12:35:11.246--ClientSession(880361546)--Connection(74175792)--Thread(Thread[main,5,main])--SELECT ID, VISIT_DATE, DESCRIPTION, PET_ID FROM visits WHERE (PET_ID = ?)
	bind => [12]
[TopLink Fine]: 2012.01.01 12:35:11.246--ClientSession(880361546)--Connection(74175792)--Thread(Thread[main,5,main])--SELECT ID, ADDRESS, FIRST_NAME, CITY, TELEPHONE, LAST_NAME FROM owners WHERE (ID = ?)
	bind => [10]
[TopLink Fine]: 2012.01.01 12:35:11.246--ClientSession(880361546)--Connection(74175792)--Thread(Thread[main,5,main])--SELECT ID, NAME FROM types WHERE (ID = ?)
	bind => [2]
[TopLink Fine]: 2012.01.01 12:35:11.247--ClientSession(880361546)--Connection(74175792)--Thread(Thread[main,5,main])--SELECT ID, VISIT_DATE, DESCRIPTION, PET_ID FROM visits WHERE (PET_ID = ?)
	bind => [13]
[TopLink Fine]: 2012.01.01 12:35:11.247--ClientSession(880361546)--Connection(74175792)--Thread(Thread[main,5,main])--SELECT ID, ADDRESS, FIRST_NAME, CITY, TELEPHONE, LAST_NAME FROM owners WHERE (ID = ?)
	bind => [10]
[TopLink Fine]: 2012.01.01 12:35:11.248--ClientSession(880361546)--Connection(74175792)--Thread(Thread[main,5,main])--SELECT ID, NAME FROM types WHERE (ID = ?)
	bind => [1]
[TopLink Fine]: 2012.01.01 12:35:11.252--ClientSession(1947749179)--Connection(1727220232)--Thread(Thread[main,5,main])--SELECT ID, ADDRESS, FIRST_NAME, CITY, TELEPHONE, LAST_NAME FROM owners WHERE (LAST_NAME LIKE ?)
	bind => [Schultz%]
[TopLink Fine]: 2012.01.01 12:35:11.257--ClientSession(1947749179)--Connection(1727220232)--Thread(Thread[main,5,main])--INSERT INTO owners (ADDRESS, FIRST_NAME, CITY, TELEPHONE, LAST_NAME) VALUES (?, ?, ?, ?, ?)
	bind => [null, null, null, null, Schultz]
[TopLink Fine]: 2012.01.01 12:35:11.258--ClientSession(1947749179)--Connection(1727220232)--Thread(Thread[main,5,main])--CALL IDENTITY()
[TopLink Fine]: 2012.01.01 12:35:11.260--ClientSession(1947749179)--Connection(1727220232)--Thread(Thread[main,5,main])--SELECT ID, ADDRESS, FIRST_NAME, CITY, TELEPHONE, LAST_NAME FROM owners WHERE (LAST_NAME LIKE ?)
	bind => [Schultz%]
[TopLink Fine]: 2012.01.01 12:35:11.263--ClientSession(1233869427)--Connection(1541364157)--Thread(Thread[main,5,main])--SELECT ID, ADDRESS, FIRST_NAME, CITY, TELEPHONE, LAST_NAME FROM owners WHERE (ID = ?)
	bind => [1]
[TopLink Fine]: 2012.01.01 12:35:11.264--ClientSession(1233869427)--Connection(1541364157)--Thread(Thread[main,5,main])--SELECT ID, BIRTH_DATE, NAME, OWNER_ID, TYPE_ID FROM pets WHERE (OWNER_ID = ?)
	bind => [1]
[TopLink Fine]: 2012.01.01 12:35:11.265--ClientSession(1233869427)--Connection(1541364157)--Thread(Thread[main,5,main])--SELECT ID, VISIT_DATE, DESCRIPTION, PET_ID FROM visits WHERE (PET_ID = ?)
	bind => [1]
[TopLink Fine]: 2012.01.01 12:35:11.265--ClientSession(1233869427)--Connection(1541364157)--Thread(Thread[main,5,main])--SELECT ID, ADDRESS, FIRST_NAME, CITY, TELEPHONE, LAST_NAME FROM owners WHERE (ID = ?)
	bind => [1]
[TopLink Fine]: 2012.01.01 12:35:11.265--ClientSession(1233869427)--Connection(1541364157)--Thread(Thread[main,5,main])--SELECT ID, NAME FROM types WHERE (ID = ?)
	bind => [1]
[TopLink Fine]: 2012.01.01 12:35:11.268--ClientSession(1233869427)--Connection(1541364157)--Thread(Thread[main,5,main])--UPDATE owners SET LAST_NAME = ? WHERE (ID = ?)
	bind => [FranklinX, 1]
[TopLink Fine]: 2012.01.01 12:35:11.272--ClientSession(1868435115)--Connection(135607724)--Thread(Thread[main,5,main])--SELECT ID, NAME FROM types ORDER BY NAME ASC
[TopLink Fine]: 2012.01.01 12:35:11.274--ClientSession(1868435115)--Connection(135607724)--Thread(Thread[main,5,main])--SELECT ID, BIRTH_DATE, NAME, OWNER_ID, TYPE_ID FROM pets WHERE (ID = ?)
	bind => [7]
[TopLink Fine]: 2012.01.01 12:35:11.274--ClientSession(1868435115)--Connection(135607724)--Thread(Thread[main,5,main])--SELECT ID, VISIT_DATE, DESCRIPTION, PET_ID FROM visits WHERE (PET_ID = ?)
	bind => [7]
[TopLink Fine]: 2012.01.01 12:35:11.275--ClientSession(1868435115)--Connection(135607724)--Thread(Thread[main,5,main])--SELECT ID, BIRTH_DATE, NAME, OWNER_ID, TYPE_ID FROM pets WHERE (ID = ?)
	bind => [7]
[TopLink Fine]: 2012.01.01 12:35:11.275--ClientSession(1868435115)--Connection(135607724)--Thread(Thread[main,5,main])--SELECT ID, BIRTH_DATE, NAME, OWNER_ID, TYPE_ID FROM pets WHERE (ID = ?)
	bind => [7]
[TopLink Fine]: 2012.01.01 12:35:11.276--ClientSession(1868435115)--Connection(135607724)--Thread(Thread[main,5,main])--SELECT ID, ADDRESS, FIRST_NAME, CITY, TELEPHONE, LAST_NAME FROM owners WHERE (ID = ?)
	bind => [6]
[TopLink Fine]: 2012.01.01 12:35:11.277--ClientSession(1868435115)--Connection(135607724)--Thread(Thread[main,5,main])--SELECT ID, BIRTH_DATE, NAME, OWNER_ID, TYPE_ID FROM pets WHERE (OWNER_ID = ?)
	bind => [6]
[TopLink Fine]: 2012.01.01 12:35:11.278--ClientSession(1868435115)--Connection(135607724)--Thread(Thread[main,5,main])--SELECT ID, VISIT_DATE, DESCRIPTION, PET_ID FROM visits WHERE (PET_ID = ?)
	bind => [8]
[TopLink Fine]: 2012.01.01 12:35:11.278--ClientSession(1868435115)--Connection(135607724)--Thread(Thread[main,5,main])--SELECT ID, BIRTH_DATE, NAME, OWNER_ID, TYPE_ID FROM pets WHERE (ID = ?)
	bind => [8]
[TopLink Fine]: 2012.01.01 12:35:11.279--ClientSession(1868435115)--Connection(135607724)--Thread(Thread[main,5,main])--SELECT ID, BIRTH_DATE, NAME, OWNER_ID, TYPE_ID FROM pets WHERE (ID = ?)
	bind => [8]
[TopLink Fine]: 2012.01.01 12:35:11.279--ClientSession(1868435115)--Connection(135607724)--Thread(Thread[main,5,main])--SELECT ID, ADDRESS, FIRST_NAME, CITY, TELEPHONE, LAST_NAME FROM owners WHERE (ID = ?)
	bind => [6]
[TopLink Fine]: 2012.01.01 12:35:11.280--ClientSession(1868435115)--Connection(135607724)--Thread(Thread[main,5,main])--SELECT ID, NAME FROM types WHERE (ID = ?)
	bind => [1]
[TopLink Fine]: 2012.01.01 12:35:11.281--ClientSession(1868435115)--Connection(135607724)--Thread(Thread[main,5,main])--SELECT ID, NAME FROM types WHERE (ID = ?)
	bind => [1]
[TopLink Fine]: 2012.01.01 12:35:11.282--ClientSession(1868435115)--Connection(135607724)--Thread(Thread[main,5,main])--SELECT ID, BIRTH_DATE, NAME, OWNER_ID, TYPE_ID FROM pets WHERE (ID = ?)
	bind => [6]
[TopLink Fine]: 2012.01.01 12:35:11.282--ClientSession(1868435115)--Connection(135607724)--Thread(Thread[main,5,main])--SELECT ID, VISIT_DATE, DESCRIPTION, PET_ID FROM visits WHERE (PET_ID = ?)
	bind => [6]
[TopLink Fine]: 2012.01.01 12:35:11.283--ClientSession(1868435115)--Connection(135607724)--Thread(Thread[main,5,main])--SELECT ID, ADDRESS, FIRST_NAME, CITY, TELEPHONE, LAST_NAME FROM owners WHERE (ID = ?)
	bind => [5]
[TopLink Fine]: 2012.01.01 12:35:11.283--ClientSession(1868435115)--Connection(135607724)--Thread(Thread[main,5,main])--SELECT ID, BIRTH_DATE, NAME, OWNER_ID, TYPE_ID FROM pets WHERE (OWNER_ID = ?)
	bind => [5]
[TopLink Fine]: 2012.01.01 12:35:11.284--ClientSession(1868435115)--Connection(135607724)--Thread(Thread[main,5,main])--SELECT ID, NAME FROM types WHERE (ID = ?)
	bind => [4]
[TopLink Fine]: 2012.01.01 12:35:11.287--ClientSession(329849131)--Connection(1119051810)--Thread(Thread[main,5,main])--SELECT ID, ADDRESS, FIRST_NAME, CITY, TELEPHONE, LAST_NAME FROM owners WHERE (ID = ?)
	bind => [6]
[TopLink Fine]: 2012.01.01 12:35:11.287--ClientSession(329849131)--Connection(1119051810)--Thread(Thread[main,5,main])--SELECT ID, BIRTH_DATE, NAME, OWNER_ID, TYPE_ID FROM pets WHERE (OWNER_ID = ?)
	bind => [6]
[TopLink Fine]: 2012.01.01 12:35:11.288--ClientSession(329849131)--Connection(1119051810)--Thread(Thread[main,5,main])--SELECT ID, VISIT_DATE, DESCRIPTION, PET_ID FROM visits WHERE (PET_ID = ?)
	bind => [7]
[TopLink Fine]: 2012.01.01 12:35:11.288--ClientSession(329849131)--Connection(1119051810)--Thread(Thread[main,5,main])--SELECT ID, BIRTH_DATE, NAME, OWNER_ID, TYPE_ID FROM pets WHERE (ID = ?)
	bind => [7]
[TopLink Fine]: 2012.01.01 12:35:11.289--ClientSession(329849131)--Connection(1119051810)--Thread(Thread[main,5,main])--SELECT ID, BIRTH_DATE, NAME, OWNER_ID, TYPE_ID FROM pets WHERE (ID = ?)
	bind => [7]
[TopLink Fine]: 2012.01.01 12:35:11.290--ClientSession(329849131)--Connection(1119051810)--Thread(Thread[main,5,main])--SELECT ID, ADDRESS, FIRST_NAME, CITY, TELEPHONE, LAST_NAME FROM owners WHERE (ID = ?)
	bind => [6]
[TopLink Fine]: 2012.01.01 12:35:11.290--ClientSession(329849131)--Connection(1119051810)--Thread(Thread[main,5,main])--SELECT ID, NAME FROM types WHERE (ID = ?)
	bind => [1]
[TopLink Fine]: 2012.01.01 12:35:11.291--ClientSession(329849131)--Connection(1119051810)--Thread(Thread[main,5,main])--SELECT ID, VISIT_DATE, DESCRIPTION, PET_ID FROM visits WHERE (PET_ID = ?)
	bind => [8]
[TopLink Fine]: 2012.01.01 12:35:11.291--ClientSession(329849131)--Connection(1119051810)--Thread(Thread[main,5,main])--SELECT ID, BIRTH_DATE, NAME, OWNER_ID, TYPE_ID FROM pets WHERE (ID = ?)
	bind => [8]
[TopLink Fine]: 2012.01.01 12:35:11.292--ClientSession(329849131)--Connection(1119051810)--Thread(Thread[main,5,main])--SELECT ID, BIRTH_DATE, NAME, OWNER_ID, TYPE_ID FROM pets WHERE (ID = ?)
	bind => [8]
[TopLink Fine]: 2012.01.01 12:35:11.293--ClientSession(329849131)--Connection(1119051810)--Thread(Thread[main,5,main])--SELECT ID, ADDRESS, FIRST_NAME, CITY, TELEPHONE, LAST_NAME FROM owners WHERE (ID = ?)
	bind => [6]
[TopLink Fine]: 2012.01.01 12:35:11.294--ClientSession(329849131)--Connection(1119051810)--Thread(Thread[main,5,main])--SELECT ID, NAME FROM types WHERE (ID = ?)
	bind => [1]
[TopLink Fine]: 2012.01.01 12:35:11.300--ClientSession(329849131)--Connection(1119051810)--Thread(Thread[main,5,main])--SELECT ID, NAME FROM types ORDER BY NAME ASC
[TopLink Fine]: 2012.01.01 12:35:11.304--ClientSession(329849131)--Connection(1119051810)--Thread(Thread[main,5,main])--INSERT INTO pets (BIRTH_DATE, NAME, OWNER_ID, TYPE_ID) VALUES (?, ?, ?, ?)
	bind => [2012-01-01, bowser, 6, 2]
[TopLink Fine]: 2012.01.01 12:35:11.304--ClientSession(329849131)--Connection(1119051810)--Thread(Thread[main,5,main])--CALL IDENTITY()
[TopLink Fine]: 2012.01.01 12:35:11.308--ClientSession(778011205)--Connection(6395852)--Thread(Thread[main,5,main])--SELECT ID, BIRTH_DATE, NAME, OWNER_ID, TYPE_ID FROM pets WHERE (ID = ?)
	bind => [7]
[TopLink Fine]: 2012.01.01 12:35:11.308--ClientSession(778011205)--Connection(6395852)--Thread(Thread[main,5,main])--SELECT ID, VISIT_DATE, DESCRIPTION, PET_ID FROM visits WHERE (PET_ID = ?)
	bind => [7]
[TopLink Fine]: 2012.01.01 12:35:11.309--ClientSession(778011205)--Connection(6395852)--Thread(Thread[main,5,main])--SELECT ID, BIRTH_DATE, NAME, OWNER_ID, TYPE_ID FROM pets WHERE (ID = ?)
	bind => [7]
[TopLink Fine]: 2012.01.01 12:35:11.309--ClientSession(778011205)--Connection(6395852)--Thread(Thread[main,5,main])--SELECT ID, BIRTH_DATE, NAME, OWNER_ID, TYPE_ID FROM pets WHERE (ID = ?)
	bind => [7]
[TopLink Fine]: 2012.01.01 12:35:11.310--ClientSession(778011205)--Connection(6395852)--Thread(Thread[main,5,main])--SELECT ID, ADDRESS, FIRST_NAME, CITY, TELEPHONE, LAST_NAME FROM owners WHERE (ID = ?)
	bind => [6]
[TopLink Fine]: 2012.01.01 12:35:11.310--ClientSession(778011205)--Connection(6395852)--Thread(Thread[main,5,main])--SELECT ID, BIRTH_DATE, NAME, OWNER_ID, TYPE_ID FROM pets WHERE (OWNER_ID = ?)
	bind => [6]
[TopLink Fine]: 2012.01.01 12:35:11.311--ClientSession(778011205)--Connection(6395852)--Thread(Thread[main,5,main])--SELECT ID, VISIT_DATE, DESCRIPTION, PET_ID FROM visits WHERE (PET_ID = ?)
	bind => [8]
[TopLink Fine]: 2012.01.01 12:35:11.311--ClientSession(778011205)--Connection(6395852)--Thread(Thread[main,5,main])--SELECT ID, BIRTH_DATE, NAME, OWNER_ID, TYPE_ID FROM pets WHERE (ID = ?)
	bind => [8]
[TopLink Fine]: 2012.01.01 12:35:11.312--ClientSession(778011205)--Connection(6395852)--Thread(Thread[main,5,main])--SELECT ID, BIRTH_DATE, NAME, OWNER_ID, TYPE_ID FROM pets WHERE (ID = ?)
	bind => [8]
[TopLink Fine]: 2012.01.01 12:35:11.313--ClientSession(778011205)--Connection(6395852)--Thread(Thread[main,5,main])--SELECT ID, ADDRESS, FIRST_NAME, CITY, TELEPHONE, LAST_NAME FROM owners WHERE (ID = ?)
	bind => [6]
[TopLink Fine]: 2012.01.01 12:35:11.313--ClientSession(778011205)--Connection(6395852)--Thread(Thread[main,5,main])--SELECT ID, NAME FROM types WHERE (ID = ?)
	bind => [1]
[TopLink Fine]: 2012.01.01 12:35:11.314--ClientSession(778011205)--Connection(6395852)--Thread(Thread[main,5,main])--SELECT ID, NAME FROM types WHERE (ID = ?)
	bind => [1]
[TopLink Fine]: 2012.01.01 12:35:11.316--ClientSession(778011205)--Connection(6395852)--Thread(Thread[main,5,main])--UPDATE pets SET NAME = ? WHERE (ID = ?)
	bind => [SamanthaX, 7]
[TopLink Fine]: 2012.01.01 12:35:11.320--ClientSession(427334294)--Connection(1022163690)--Thread(Thread[main,5,main])--SELECT ID, BIRTH_DATE, NAME, OWNER_ID, TYPE_ID FROM pets WHERE (ID = ?)
	bind => [7]
[TopLink Fine]: 2012.01.01 12:35:11.320--ClientSession(427334294)--Connection(1022163690)--Thread(Thread[main,5,main])--SELECT ID, VISIT_DATE, DESCRIPTION, PET_ID FROM visits WHERE (PET_ID = ?)
	bind => [7]
[TopLink Fine]: 2012.01.01 12:35:11.321--ClientSession(427334294)--Connection(1022163690)--Thread(Thread[main,5,main])--SELECT ID, BIRTH_DATE, NAME, OWNER_ID, TYPE_ID FROM pets WHERE (ID = ?)
	bind => [7]
[TopLink Fine]: 2012.01.01 12:35:11.321--ClientSession(427334294)--Connection(1022163690)--Thread(Thread[main,5,main])--SELECT ID, BIRTH_DATE, NAME, OWNER_ID, TYPE_ID FROM pets WHERE (ID = ?)
	bind => [7]
[TopLink Fine]: 2012.01.01 12:35:11.322--ClientSession(427334294)--Connection(1022163690)--Thread(Thread[main,5,main])--SELECT ID, ADDRESS, FIRST_NAME, CITY, TELEPHONE, LAST_NAME FROM owners WHERE (ID = ?)
	bind => [6]
[TopLink Fine]: 2012.01.01 12:35:11.322--ClientSession(427334294)--Connection(1022163690)--Thread(Thread[main,5,main])--SELECT ID, BIRTH_DATE, NAME, OWNER_ID, TYPE_ID FROM pets WHERE (OWNER_ID = ?)
	bind => [6]
[TopLink Fine]: 2012.01.01 12:35:11.323--ClientSession(427334294)--Connection(1022163690)--Thread(Thread[main,5,main])--SELECT ID, VISIT_DATE, DESCRIPTION, PET_ID FROM visits WHERE (PET_ID = ?)
	bind => [8]
[TopLink Fine]: 2012.01.01 12:35:11.323--ClientSession(427334294)--Connection(1022163690)--Thread(Thread[main,5,main])--SELECT ID, BIRTH_DATE, NAME, OWNER_ID, TYPE_ID FROM pets WHERE (ID = ?)
	bind => [8]
[TopLink Fine]: 2012.01.01 12:35:11.324--ClientSession(427334294)--Connection(1022163690)--Thread(Thread[main,5,main])--SELECT ID, BIRTH_DATE, NAME, OWNER_ID, TYPE_ID FROM pets WHERE (ID = ?)
	bind => [8]
[TopLink Fine]: 2012.01.01 12:35:11.324--ClientSession(427334294)--Connection(1022163690)--Thread(Thread[main,5,main])--SELECT ID, ADDRESS, FIRST_NAME, CITY, TELEPHONE, LAST_NAME FROM owners WHERE (ID = ?)
	bind => [6]
[TopLink Fine]: 2012.01.01 12:35:11.324--ClientSession(427334294)--Connection(1022163690)--Thread(Thread[main,5,main])--SELECT ID, NAME FROM types WHERE (ID = ?)
	bind => [1]
[TopLink Fine]: 2012.01.01 12:35:11.325--ClientSession(427334294)--Connection(1022163690)--Thread(Thread[main,5,main])--SELECT ID, NAME FROM types WHERE (ID = ?)
	bind => [1]
[TopLink Fine]: 2012.01.01 12:35:11.330--ClientSession(427334294)--Connection(1022163690)--Thread(Thread[main,5,main])--INSERT INTO visits (VISIT_DATE, DESCRIPTION, PET_ID) VALUES (?, ?, ?)
	bind => [2012-01-01, test, 7]
[TopLink Fine]: 2012.01.01 12:35:11.330--ClientSession(427334294)--Connection(1022163690)--Thread(Thread[main,5,main])--CALL IDENTITY()
]]></system-out>
  <system-err><![CDATA[]]></system-err>
</testsuite>
